16:36:01.715 [Thread-0] INFO  org.eclipse.jetty.util.log           Logging initialized @1812ms
16:36:01.825 [main] INFO  scalikejdbc.config.DBs$              connectionTimeoutMillis is deprecated. Use poolConnectionTimeoutMillis instead.
16:36:01.854 [Thread-0] INFO  s.e.jetty.EmbeddedJettyServer        == Spark has ignited ...
16:36:01.855 [Thread-0] INFO  s.e.jetty.EmbeddedJettyServer        >> Listening on 0.0.0.0:4567
16:36:01.877 [Thread-0] INFO  org.eclipse.jetty.server.Server      jetty-9.3.6.v20151106
16:36:02.009 [Thread-0] INFO  o.e.jetty.server.ServerConnector     Started ServerConnector@4c19736b{HTTP/1.1,[http/1.1]}{0.0.0.0:4567}
16:36:02.010 [Thread-0] INFO  org.eclipse.jetty.server.Server      Started @2112ms
09:55:58.811 [Thread-0] INFO  org.eclipse.jetty.util.log           Logging initialized @2278ms
09:55:58.908 [Thread-0] INFO  s.e.jetty.EmbeddedJettyServer        == Spark has ignited ...
09:55:58.912 [Thread-0] INFO  s.e.jetty.EmbeddedJettyServer        >> Listening on 0.0.0.0:4567
09:55:58.915 [Thread-0] INFO  org.eclipse.jetty.server.Server      jetty-9.3.6.v20151106
09:55:58.929 [main] INFO  scalikejdbc.config.DBs$              connectionTimeoutMillis is deprecated. Use poolConnectionTimeoutMillis instead.
09:55:59.056 [Thread-0] INFO  o.e.jetty.server.ServerConnector     Started ServerConnector@34cbce7c{HTTP/1.1,[http/1.1]}{0.0.0.0:4567}
09:55:59.056 [Thread-0] INFO  org.eclipse.jetty.server.Server      Started @2528ms
19:12:19.578 [qtp477352253-19] ERROR e.o.e.patent.mvc.AppController$      No usable value for phone
Did not find value which can be converted into java.lang.String
org.json4s.package$MappingException: No usable value for phone
Did not find value which can be converted into java.lang.String
	at org.json4s.reflect.package$.fail(package.scala:93) ~[json4s-core_2.11-3.3.0.jar:3.3.0]
	at org.json4s.Extraction$ClassInstanceBuilder.org$json4s$Extraction$ClassInstanceBuilder$$buildCtorArg(Extraction.scala:509) ~[json4s-core_2.11-3.3.0.jar:3.3.0]
	at org.json4s.Extraction$ClassInstanceBuilder$$anonfun$14.apply(Extraction.scala:529) ~[json4s-core_2.11-3.3.0.jar:3.3.0]
	at org.json4s.Extraction$ClassInstanceBuilder$$anonfun$14.apply(Extraction.scala:529) ~[json4s-core_2.11-3.3.0.jar:3.3.0]
	at scala.collection.TraversableLike$$anonfun$map$1.apply(TraversableLike.scala:234) ~[scala-library-2.11.11.jar:na]
	at scala.collection.TraversableLike$$anonfun$map$1.apply(TraversableLike.scala:234) ~[scala-library-2.11.11.jar:na]
	at scala.collection.mutable.ResizableArray$class.foreach(ResizableArray.scala:59) ~[scala-library-2.11.11.jar:na]
	at scala.collection.mutable.ArrayBuffer.foreach(ArrayBuffer.scala:48) ~[scala-library-2.11.11.jar:na]
	at scala.collection.TraversableLike$class.map(TraversableLike.scala:234) ~[scala-library-2.11.11.jar:na]
	at scala.collection.AbstractTraversable.map(Traversable.scala:104) ~[scala-library-2.11.11.jar:na]
	at org.json4s.Extraction$ClassInstanceBuilder.org$json4s$Extraction$ClassInstanceBuilder$$instantiate(Extraction.scala:517) ~[json4s-core_2.11-3.3.0.jar:3.3.0]
	at org.json4s.Extraction$ClassInstanceBuilder$$anonfun$result$6.apply(Extraction.scala:564) ~[json4s-core_2.11-3.3.0.jar:3.3.0]
	at org.json4s.Extraction$ClassInstanceBuilder$$anonfun$result$6.apply(Extraction.scala:559) ~[json4s-core_2.11-3.3.0.jar:3.3.0]
	at org.json4s.Extraction$.org$json4s$Extraction$$customOrElse(Extraction.scala:573) ~[json4s-core_2.11-3.3.0.jar:3.3.0]
	at org.json4s.Extraction$ClassInstanceBuilder.result(Extraction.scala:559) ~[json4s-core_2.11-3.3.0.jar:3.3.0]
	at org.json4s.Extraction$.extract(Extraction.scala:394) ~[json4s-core_2.11-3.3.0.jar:3.3.0]
	at org.json4s.Extraction$.extract(Extraction.scala:43) ~[json4s-core_2.11-3.3.0.jar:3.3.0]
	at org.json4s.ExtractableJsonAstNode.extract(ExtractableJsonAstNode.scala:21) ~[json4s-core_2.11-3.3.0.jar:3.3.0]
	at edu.omsu.eservice.patent.mvc.AppController$.edu$omsu$eservice$patent$mvc$AppController$$updateAuthorPersonalInfo$1(AppController.scala:381) ~[classes/:na]
	at edu.omsu.eservice.patent.mvc.AppController$$anonfun$main$18.apply(AppController.scala:802) ~[classes/:na]
	at edu.omsu.eservice.patent.mvc.AppController$$anonfun$main$18.apply(AppController.scala:802) ~[classes/:na]
	at edu.omsu.eservice.patent.conf.SparkAPI$$anon$2.handle(SparkAPI.scala:63) ~[classes/:na]
	at spark.RouteImpl$1.handle(RouteImpl.java:61) ~[spark-core-2.5.4.jar:na]
	at spark.http.matching.Routes.execute(Routes.java:61) ~[spark-core-2.5.4.jar:na]
	at spark.http.matching.MatcherFilter.doFilter(MatcherFilter.java:128) ~[spark-core-2.5.4.jar:na]
	at spark.embeddedserver.jetty.JettyHandler.doHandle(JettyHandler.java:50) [spark-core-2.5.4.jar:na]
	at org.eclipse.jetty.server.session.SessionHandler.doScope(SessionHandler.java:189) [jetty-server-9.3.6.v20151106.jar:9.3.6.v20151106]
	at org.eclipse.jetty.server.handler.ScopedHandler.handle(ScopedHandler.java:141) [jetty-server-9.3.6.v20151106.jar:9.3.6.v20151106]
	at org.eclipse.jetty.server.handler.HandlerWrapper.handle(HandlerWrapper.java:119) [jetty-server-9.3.6.v20151106.jar:9.3.6.v20151106]
	at org.eclipse.jetty.server.Server.handle(Server.java:517) [jetty-server-9.3.6.v20151106.jar:9.3.6.v20151106]
	at org.eclipse.jetty.server.HttpChannel.handle(HttpChannel.java:308) [jetty-server-9.3.6.v20151106.jar:9.3.6.v20151106]
	at org.eclipse.jetty.server.HttpConnection.onFillable(HttpConnection.java:242) [jetty-server-9.3.6.v20151106.jar:9.3.6.v20151106]
	at org.eclipse.jetty.io.AbstractConnection$ReadCallback.succeeded(AbstractConnection.java:261) [jetty-io-9.3.6.v20151106.jar:9.3.6.v20151106]
	at org.eclipse.jetty.io.FillInterest.fillable(FillInterest.java:95) [jetty-io-9.3.6.v20151106.jar:9.3.6.v20151106]
	at org.eclipse.jetty.io.SelectChannelEndPoint$2.run(SelectChannelEndPoint.java:75) [jetty-io-9.3.6.v20151106.jar:9.3.6.v20151106]
	at org.eclipse.jetty.util.thread.strategy.ExecuteProduceConsume.produceAndRun(ExecuteProduceConsume.java:213) [jetty-util-9.3.6.v20151106.jar:9.3.6.v20151106]
	at org.eclipse.jetty.util.thread.strategy.ExecuteProduceConsume.run(ExecuteProduceConsume.java:147) [jetty-util-9.3.6.v20151106.jar:9.3.6.v20151106]
	at org.eclipse.jetty.util.thread.QueuedThreadPool.runJob(QueuedThreadPool.java:654) [jetty-util-9.3.6.v20151106.jar:9.3.6.v20151106]
	at org.eclipse.jetty.util.thread.QueuedThreadPool$3.run(QueuedThreadPool.java:572) [jetty-util-9.3.6.v20151106.jar:9.3.6.v20151106]
	at java.lang.Thread.run(Thread.java:750) [na:1.8.0_342]
Caused by: org.json4s.package$MappingException: Did not find value which can be converted into java.lang.String
	at org.json4s.Extraction$.convert(Extraction.scala:671) ~[json4s-core_2.11-3.3.0.jar:3.3.0]
	at org.json4s.Extraction$.extract(Extraction.scala:388) ~[json4s-core_2.11-3.3.0.jar:3.3.0]
	at org.json4s.Extraction$ClassInstanceBuilder.org$json4s$Extraction$ClassInstanceBuilder$$buildCtorArg(Extraction.scala:497) ~[json4s-core_2.11-3.3.0.jar:3.3.0]
	... 38 common frames omitted
19:12:19.595 [qtp477352253-19] INFO  spark.http.matching.MatcherFilter    The requested route [/patent/backend/updateAuthorPersonalInfo] has not been mapped in Spark for Accept: [application/json, text/plain, */*]
16:03:52.009 [qtp477352253-19] ERROR e.o.e.patent.mvc.AppController$      No usable value for phone
Did not find value which can be converted into java.lang.String
org.json4s.package$MappingException: No usable value for phone
Did not find value which can be converted into java.lang.String
	at org.json4s.reflect.package$.fail(package.scala:93) ~[json4s-core_2.11-3.3.0.jar:3.3.0]
	at org.json4s.Extraction$ClassInstanceBuilder.org$json4s$Extraction$ClassInstanceBuilder$$buildCtorArg(Extraction.scala:509) ~[json4s-core_2.11-3.3.0.jar:3.3.0]
	at org.json4s.Extraction$ClassInstanceBuilder$$anonfun$14.apply(Extraction.scala:529) ~[json4s-core_2.11-3.3.0.jar:3.3.0]
	at org.json4s.Extraction$ClassInstanceBuilder$$anonfun$14.apply(Extraction.scala:529) ~[json4s-core_2.11-3.3.0.jar:3.3.0]
	at scala.collection.TraversableLike$$anonfun$map$1.apply(TraversableLike.scala:234) ~[scala-library-2.11.11.jar:na]
	at scala.collection.TraversableLike$$anonfun$map$1.apply(TraversableLike.scala:234) ~[scala-library-2.11.11.jar:na]
	at scala.collection.mutable.ResizableArray$class.foreach(ResizableArray.scala:59) ~[scala-library-2.11.11.jar:na]
	at scala.collection.mutable.ArrayBuffer.foreach(ArrayBuffer.scala:48) ~[scala-library-2.11.11.jar:na]
	at scala.collection.TraversableLike$class.map(TraversableLike.scala:234) ~[scala-library-2.11.11.jar:na]
	at scala.collection.AbstractTraversable.map(Traversable.scala:104) ~[scala-library-2.11.11.jar:na]
	at org.json4s.Extraction$ClassInstanceBuilder.org$json4s$Extraction$ClassInstanceBuilder$$instantiate(Extraction.scala:517) ~[json4s-core_2.11-3.3.0.jar:3.3.0]
	at org.json4s.Extraction$ClassInstanceBuilder$$anonfun$result$6.apply(Extraction.scala:564) ~[json4s-core_2.11-3.3.0.jar:3.3.0]
	at org.json4s.Extraction$ClassInstanceBuilder$$anonfun$result$6.apply(Extraction.scala:559) ~[json4s-core_2.11-3.3.0.jar:3.3.0]
	at org.json4s.Extraction$.org$json4s$Extraction$$customOrElse(Extraction.scala:573) ~[json4s-core_2.11-3.3.0.jar:3.3.0]
	at org.json4s.Extraction$ClassInstanceBuilder.result(Extraction.scala:559) ~[json4s-core_2.11-3.3.0.jar:3.3.0]
	at org.json4s.Extraction$.extract(Extraction.scala:394) ~[json4s-core_2.11-3.3.0.jar:3.3.0]
	at org.json4s.Extraction$.extract(Extraction.scala:43) ~[json4s-core_2.11-3.3.0.jar:3.3.0]
	at org.json4s.ExtractableJsonAstNode.extract(ExtractableJsonAstNode.scala:21) ~[json4s-core_2.11-3.3.0.jar:3.3.0]
	at edu.omsu.eservice.patent.mvc.AppController$.edu$omsu$eservice$patent$mvc$AppController$$updateAuthorPersonalInfo$1(AppController.scala:381) ~[classes/:na]
	at edu.omsu.eservice.patent.mvc.AppController$$anonfun$main$18.apply(AppController.scala:802) ~[classes/:na]
	at edu.omsu.eservice.patent.mvc.AppController$$anonfun$main$18.apply(AppController.scala:802) ~[classes/:na]
	at edu.omsu.eservice.patent.conf.SparkAPI$$anon$2.handle(SparkAPI.scala:63) ~[classes/:na]
	at spark.RouteImpl$1.handle(RouteImpl.java:61) ~[spark-core-2.5.4.jar:na]
	at spark.http.matching.Routes.execute(Routes.java:61) ~[spark-core-2.5.4.jar:na]
	at spark.http.matching.MatcherFilter.doFilter(MatcherFilter.java:128) ~[spark-core-2.5.4.jar:na]
	at spark.embeddedserver.jetty.JettyHandler.doHandle(JettyHandler.java:50) [spark-core-2.5.4.jar:na]
	at org.eclipse.jetty.server.session.SessionHandler.doScope(SessionHandler.java:189) [jetty-server-9.3.6.v20151106.jar:9.3.6.v20151106]
	at org.eclipse.jetty.server.handler.ScopedHandler.handle(ScopedHandler.java:141) [jetty-server-9.3.6.v20151106.jar:9.3.6.v20151106]
	at org.eclipse.jetty.server.handler.HandlerWrapper.handle(HandlerWrapper.java:119) [jetty-server-9.3.6.v20151106.jar:9.3.6.v20151106]
	at org.eclipse.jetty.server.Server.handle(Server.java:517) [jetty-server-9.3.6.v20151106.jar:9.3.6.v20151106]
	at org.eclipse.jetty.server.HttpChannel.handle(HttpChannel.java:308) [jetty-server-9.3.6.v20151106.jar:9.3.6.v20151106]
	at org.eclipse.jetty.server.HttpConnection.onFillable(HttpConnection.java:242) [jetty-server-9.3.6.v20151106.jar:9.3.6.v20151106]
	at org.eclipse.jetty.io.AbstractConnection$ReadCallback.succeeded(AbstractConnection.java:261) [jetty-io-9.3.6.v20151106.jar:9.3.6.v20151106]
	at org.eclipse.jetty.io.FillInterest.fillable(FillInterest.java:95) [jetty-io-9.3.6.v20151106.jar:9.3.6.v20151106]
	at org.eclipse.jetty.io.SelectChannelEndPoint$2.run(SelectChannelEndPoint.java:75) [jetty-io-9.3.6.v20151106.jar:9.3.6.v20151106]
	at org.eclipse.jetty.util.thread.strategy.ExecuteProduceConsume.produceAndRun(ExecuteProduceConsume.java:213) [jetty-util-9.3.6.v20151106.jar:9.3.6.v20151106]
	at org.eclipse.jetty.util.thread.strategy.ExecuteProduceConsume.run(ExecuteProduceConsume.java:147) [jetty-util-9.3.6.v20151106.jar:9.3.6.v20151106]
	at org.eclipse.jetty.util.thread.QueuedThreadPool.runJob(QueuedThreadPool.java:654) [jetty-util-9.3.6.v20151106.jar:9.3.6.v20151106]
	at org.eclipse.jetty.util.thread.QueuedThreadPool$3.run(QueuedThreadPool.java:572) [jetty-util-9.3.6.v20151106.jar:9.3.6.v20151106]
	at java.lang.Thread.run(Thread.java:750) [na:1.8.0_342]
Caused by: org.json4s.package$MappingException: Did not find value which can be converted into java.lang.String
	at org.json4s.Extraction$.convert(Extraction.scala:671) ~[json4s-core_2.11-3.3.0.jar:3.3.0]
	at org.json4s.Extraction$.extract(Extraction.scala:388) ~[json4s-core_2.11-3.3.0.jar:3.3.0]
	at org.json4s.Extraction$ClassInstanceBuilder.org$json4s$Extraction$ClassInstanceBuilder$$buildCtorArg(Extraction.scala:497) ~[json4s-core_2.11-3.3.0.jar:3.3.0]
	... 38 common frames omitted
16:03:52.011 [qtp477352253-19] INFO  spark.http.matching.MatcherFilter    The requested route [/patent/backend/updateAuthorPersonalInfo] has not been mapped in Spark for Accept: [application/json, text/plain, */*]
16:06:56.114 [qtp477352253-18] ERROR e.o.e.patent.mvc.AppController$      No usable value for phone
Did not find value which can be converted into java.lang.String
org.json4s.package$MappingException: No usable value for phone
Did not find value which can be converted into java.lang.String
	at org.json4s.reflect.package$.fail(package.scala:93) ~[json4s-core_2.11-3.3.0.jar:3.3.0]
	at org.json4s.Extraction$ClassInstanceBuilder.org$json4s$Extraction$ClassInstanceBuilder$$buildCtorArg(Extraction.scala:509) ~[json4s-core_2.11-3.3.0.jar:3.3.0]
	at org.json4s.Extraction$ClassInstanceBuilder$$anonfun$14.apply(Extraction.scala:529) ~[json4s-core_2.11-3.3.0.jar:3.3.0]
	at org.json4s.Extraction$ClassInstanceBuilder$$anonfun$14.apply(Extraction.scala:529) ~[json4s-core_2.11-3.3.0.jar:3.3.0]
	at scala.collection.TraversableLike$$anonfun$map$1.apply(TraversableLike.scala:234) ~[scala-library-2.11.11.jar:na]
	at scala.collection.TraversableLike$$anonfun$map$1.apply(TraversableLike.scala:234) ~[scala-library-2.11.11.jar:na]
	at scala.collection.mutable.ResizableArray$class.foreach(ResizableArray.scala:59) ~[scala-library-2.11.11.jar:na]
	at scala.collection.mutable.ArrayBuffer.foreach(ArrayBuffer.scala:48) ~[scala-library-2.11.11.jar:na]
	at scala.collection.TraversableLike$class.map(TraversableLike.scala:234) ~[scala-library-2.11.11.jar:na]
	at scala.collection.AbstractTraversable.map(Traversable.scala:104) ~[scala-library-2.11.11.jar:na]
	at org.json4s.Extraction$ClassInstanceBuilder.org$json4s$Extraction$ClassInstanceBuilder$$instantiate(Extraction.scala:517) ~[json4s-core_2.11-3.3.0.jar:3.3.0]
	at org.json4s.Extraction$ClassInstanceBuilder$$anonfun$result$6.apply(Extraction.scala:564) ~[json4s-core_2.11-3.3.0.jar:3.3.0]
	at org.json4s.Extraction$ClassInstanceBuilder$$anonfun$result$6.apply(Extraction.scala:559) ~[json4s-core_2.11-3.3.0.jar:3.3.0]
	at org.json4s.Extraction$.org$json4s$Extraction$$customOrElse(Extraction.scala:573) ~[json4s-core_2.11-3.3.0.jar:3.3.0]
	at org.json4s.Extraction$ClassInstanceBuilder.result(Extraction.scala:559) ~[json4s-core_2.11-3.3.0.jar:3.3.0]
	at org.json4s.Extraction$.extract(Extraction.scala:394) ~[json4s-core_2.11-3.3.0.jar:3.3.0]
	at org.json4s.Extraction$.extract(Extraction.scala:43) ~[json4s-core_2.11-3.3.0.jar:3.3.0]
	at org.json4s.ExtractableJsonAstNode.extract(ExtractableJsonAstNode.scala:21) ~[json4s-core_2.11-3.3.0.jar:3.3.0]
	at edu.omsu.eservice.patent.mvc.AppController$.edu$omsu$eservice$patent$mvc$AppController$$updateAuthorPersonalInfo$1(AppController.scala:381) ~[classes/:na]
	at edu.omsu.eservice.patent.mvc.AppController$$anonfun$main$18.apply(AppController.scala:802) ~[classes/:na]
	at edu.omsu.eservice.patent.mvc.AppController$$anonfun$main$18.apply(AppController.scala:802) ~[classes/:na]
	at edu.omsu.eservice.patent.conf.SparkAPI$$anon$2.handle(SparkAPI.scala:63) ~[classes/:na]
	at spark.RouteImpl$1.handle(RouteImpl.java:61) ~[spark-core-2.5.4.jar:na]
	at spark.http.matching.Routes.execute(Routes.java:61) ~[spark-core-2.5.4.jar:na]
	at spark.http.matching.MatcherFilter.doFilter(MatcherFilter.java:128) ~[spark-core-2.5.4.jar:na]
	at spark.embeddedserver.jetty.JettyHandler.doHandle(JettyHandler.java:50) [spark-core-2.5.4.jar:na]
	at org.eclipse.jetty.server.session.SessionHandler.doScope(SessionHandler.java:189) [jetty-server-9.3.6.v20151106.jar:9.3.6.v20151106]
	at org.eclipse.jetty.server.handler.ScopedHandler.handle(ScopedHandler.java:141) [jetty-server-9.3.6.v20151106.jar:9.3.6.v20151106]
	at org.eclipse.jetty.server.handler.HandlerWrapper.handle(HandlerWrapper.java:119) [jetty-server-9.3.6.v20151106.jar:9.3.6.v20151106]
	at org.eclipse.jetty.server.Server.handle(Server.java:517) [jetty-server-9.3.6.v20151106.jar:9.3.6.v20151106]
	at org.eclipse.jetty.server.HttpChannel.handle(HttpChannel.java:308) [jetty-server-9.3.6.v20151106.jar:9.3.6.v20151106]
	at org.eclipse.jetty.server.HttpConnection.onFillable(HttpConnection.java:242) [jetty-server-9.3.6.v20151106.jar:9.3.6.v20151106]
	at org.eclipse.jetty.io.AbstractConnection$ReadCallback.succeeded(AbstractConnection.java:261) [jetty-io-9.3.6.v20151106.jar:9.3.6.v20151106]
	at org.eclipse.jetty.io.FillInterest.fillable(FillInterest.java:95) [jetty-io-9.3.6.v20151106.jar:9.3.6.v20151106]
	at org.eclipse.jetty.io.SelectChannelEndPoint$2.run(SelectChannelEndPoint.java:75) [jetty-io-9.3.6.v20151106.jar:9.3.6.v20151106]
	at org.eclipse.jetty.util.thread.strategy.ExecuteProduceConsume.produceAndRun(ExecuteProduceConsume.java:213) [jetty-util-9.3.6.v20151106.jar:9.3.6.v20151106]
	at org.eclipse.jetty.util.thread.strategy.ExecuteProduceConsume.run(ExecuteProduceConsume.java:147) [jetty-util-9.3.6.v20151106.jar:9.3.6.v20151106]
	at org.eclipse.jetty.util.thread.QueuedThreadPool.runJob(QueuedThreadPool.java:654) [jetty-util-9.3.6.v20151106.jar:9.3.6.v20151106]
	at org.eclipse.jetty.util.thread.QueuedThreadPool$3.run(QueuedThreadPool.java:572) [jetty-util-9.3.6.v20151106.jar:9.3.6.v20151106]
	at java.lang.Thread.run(Thread.java:750) [na:1.8.0_342]
Caused by: org.json4s.package$MappingException: Did not find value which can be converted into java.lang.String
	at org.json4s.Extraction$.convert(Extraction.scala:671) ~[json4s-core_2.11-3.3.0.jar:3.3.0]
	at org.json4s.Extraction$.extract(Extraction.scala:388) ~[json4s-core_2.11-3.3.0.jar:3.3.0]
	at org.json4s.Extraction$ClassInstanceBuilder.org$json4s$Extraction$ClassInstanceBuilder$$buildCtorArg(Extraction.scala:497) ~[json4s-core_2.11-3.3.0.jar:3.3.0]
	... 38 common frames omitted
16:06:56.114 [qtp477352253-18] INFO  spark.http.matching.MatcherFilter    The requested route [/patent/backend/updateAuthorPersonalInfo] has not been mapped in Spark for Accept: [application/json, text/plain, */*]
16:07:46.632 [qtp477352253-20] ERROR e.o.e.patent.mvc.AppController$      No usable value for phone
Did not find value which can be converted into java.lang.String
org.json4s.package$MappingException: No usable value for phone
Did not find value which can be converted into java.lang.String
	at org.json4s.reflect.package$.fail(package.scala:93) ~[json4s-core_2.11-3.3.0.jar:3.3.0]
	at org.json4s.Extraction$ClassInstanceBuilder.org$json4s$Extraction$ClassInstanceBuilder$$buildCtorArg(Extraction.scala:509) ~[json4s-core_2.11-3.3.0.jar:3.3.0]
	at org.json4s.Extraction$ClassInstanceBuilder$$anonfun$14.apply(Extraction.scala:529) ~[json4s-core_2.11-3.3.0.jar:3.3.0]
	at org.json4s.Extraction$ClassInstanceBuilder$$anonfun$14.apply(Extraction.scala:529) ~[json4s-core_2.11-3.3.0.jar:3.3.0]
	at scala.collection.TraversableLike$$anonfun$map$1.apply(TraversableLike.scala:234) ~[scala-library-2.11.11.jar:na]
	at scala.collection.TraversableLike$$anonfun$map$1.apply(TraversableLike.scala:234) ~[scala-library-2.11.11.jar:na]
	at scala.collection.mutable.ResizableArray$class.foreach(ResizableArray.scala:59) ~[scala-library-2.11.11.jar:na]
	at scala.collection.mutable.ArrayBuffer.foreach(ArrayBuffer.scala:48) ~[scala-library-2.11.11.jar:na]
	at scala.collection.TraversableLike$class.map(TraversableLike.scala:234) ~[scala-library-2.11.11.jar:na]
	at scala.collection.AbstractTraversable.map(Traversable.scala:104) ~[scala-library-2.11.11.jar:na]
	at org.json4s.Extraction$ClassInstanceBuilder.org$json4s$Extraction$ClassInstanceBuilder$$instantiate(Extraction.scala:517) ~[json4s-core_2.11-3.3.0.jar:3.3.0]
	at org.json4s.Extraction$ClassInstanceBuilder$$anonfun$result$6.apply(Extraction.scala:564) ~[json4s-core_2.11-3.3.0.jar:3.3.0]
	at org.json4s.Extraction$ClassInstanceBuilder$$anonfun$result$6.apply(Extraction.scala:559) ~[json4s-core_2.11-3.3.0.jar:3.3.0]
	at org.json4s.Extraction$.org$json4s$Extraction$$customOrElse(Extraction.scala:573) ~[json4s-core_2.11-3.3.0.jar:3.3.0]
	at org.json4s.Extraction$ClassInstanceBuilder.result(Extraction.scala:559) ~[json4s-core_2.11-3.3.0.jar:3.3.0]
	at org.json4s.Extraction$.extract(Extraction.scala:394) ~[json4s-core_2.11-3.3.0.jar:3.3.0]
	at org.json4s.Extraction$.extract(Extraction.scala:43) ~[json4s-core_2.11-3.3.0.jar:3.3.0]
	at org.json4s.ExtractableJsonAstNode.extract(ExtractableJsonAstNode.scala:21) ~[json4s-core_2.11-3.3.0.jar:3.3.0]
	at edu.omsu.eservice.patent.mvc.AppController$.edu$omsu$eservice$patent$mvc$AppController$$updateAuthorPersonalInfo$1(AppController.scala:381) ~[classes/:na]
	at edu.omsu.eservice.patent.mvc.AppController$$anonfun$main$18.apply(AppController.scala:802) ~[classes/:na]
	at edu.omsu.eservice.patent.mvc.AppController$$anonfun$main$18.apply(AppController.scala:802) ~[classes/:na]
	at edu.omsu.eservice.patent.conf.SparkAPI$$anon$2.handle(SparkAPI.scala:63) ~[classes/:na]
	at spark.RouteImpl$1.handle(RouteImpl.java:61) ~[spark-core-2.5.4.jar:na]
	at spark.http.matching.Routes.execute(Routes.java:61) ~[spark-core-2.5.4.jar:na]
	at spark.http.matching.MatcherFilter.doFilter(MatcherFilter.java:128) ~[spark-core-2.5.4.jar:na]
	at spark.embeddedserver.jetty.JettyHandler.doHandle(JettyHandler.java:50) [spark-core-2.5.4.jar:na]
	at org.eclipse.jetty.server.session.SessionHandler.doScope(SessionHandler.java:189) [jetty-server-9.3.6.v20151106.jar:9.3.6.v20151106]
	at org.eclipse.jetty.server.handler.ScopedHandler.handle(ScopedHandler.java:141) [jetty-server-9.3.6.v20151106.jar:9.3.6.v20151106]
	at org.eclipse.jetty.server.handler.HandlerWrapper.handle(HandlerWrapper.java:119) [jetty-server-9.3.6.v20151106.jar:9.3.6.v20151106]
	at org.eclipse.jetty.server.Server.handle(Server.java:517) [jetty-server-9.3.6.v20151106.jar:9.3.6.v20151106]
	at org.eclipse.jetty.server.HttpChannel.handle(HttpChannel.java:308) [jetty-server-9.3.6.v20151106.jar:9.3.6.v20151106]
	at org.eclipse.jetty.server.HttpConnection.onFillable(HttpConnection.java:242) [jetty-server-9.3.6.v20151106.jar:9.3.6.v20151106]
	at org.eclipse.jetty.io.AbstractConnection$ReadCallback.succeeded(AbstractConnection.java:261) [jetty-io-9.3.6.v20151106.jar:9.3.6.v20151106]
	at org.eclipse.jetty.io.FillInterest.fillable(FillInterest.java:95) [jetty-io-9.3.6.v20151106.jar:9.3.6.v20151106]
	at org.eclipse.jetty.io.SelectChannelEndPoint$2.run(SelectChannelEndPoint.java:75) [jetty-io-9.3.6.v20151106.jar:9.3.6.v20151106]
	at org.eclipse.jetty.util.thread.strategy.ExecuteProduceConsume.produceAndRun(ExecuteProduceConsume.java:213) [jetty-util-9.3.6.v20151106.jar:9.3.6.v20151106]
	at org.eclipse.jetty.util.thread.strategy.ExecuteProduceConsume.run(ExecuteProduceConsume.java:147) [jetty-util-9.3.6.v20151106.jar:9.3.6.v20151106]
	at org.eclipse.jetty.util.thread.QueuedThreadPool.runJob(QueuedThreadPool.java:654) [jetty-util-9.3.6.v20151106.jar:9.3.6.v20151106]
	at org.eclipse.jetty.util.thread.QueuedThreadPool$3.run(QueuedThreadPool.java:572) [jetty-util-9.3.6.v20151106.jar:9.3.6.v20151106]
	at java.lang.Thread.run(Thread.java:750) [na:1.8.0_342]
Caused by: org.json4s.package$MappingException: Did not find value which can be converted into java.lang.String
	at org.json4s.Extraction$.convert(Extraction.scala:671) ~[json4s-core_2.11-3.3.0.jar:3.3.0]
	at org.json4s.Extraction$.extract(Extraction.scala:388) ~[json4s-core_2.11-3.3.0.jar:3.3.0]
	at org.json4s.Extraction$ClassInstanceBuilder.org$json4s$Extraction$ClassInstanceBuilder$$buildCtorArg(Extraction.scala:497) ~[json4s-core_2.11-3.3.0.jar:3.3.0]
	... 38 common frames omitted
16:07:46.633 [qtp477352253-20] INFO  spark.http.matching.MatcherFilter    The requested route [/patent/backend/updateAuthorPersonalInfo] has not been mapped in Spark for Accept: [application/json, text/plain, */*]
16:09:52.881 [qtp477352253-18] ERROR e.o.e.patent.mvc.AppController$      No usable value for isLeader
Did not find value which can be converted into int
org.json4s.package$MappingException: No usable value for isLeader
Did not find value which can be converted into int
	at org.json4s.reflect.package$.fail(package.scala:93) ~[json4s-core_2.11-3.3.0.jar:3.3.0]
	at org.json4s.Extraction$ClassInstanceBuilder.org$json4s$Extraction$ClassInstanceBuilder$$buildCtorArg(Extraction.scala:509) ~[json4s-core_2.11-3.3.0.jar:3.3.0]
	at org.json4s.Extraction$ClassInstanceBuilder$$anonfun$14.apply(Extraction.scala:529) ~[json4s-core_2.11-3.3.0.jar:3.3.0]
	at org.json4s.Extraction$ClassInstanceBuilder$$anonfun$14.apply(Extraction.scala:529) ~[json4s-core_2.11-3.3.0.jar:3.3.0]
	at scala.collection.TraversableLike$$anonfun$map$1.apply(TraversableLike.scala:234) ~[scala-library-2.11.11.jar:na]
	at scala.collection.TraversableLike$$anonfun$map$1.apply(TraversableLike.scala:234) ~[scala-library-2.11.11.jar:na]
	at scala.collection.mutable.ResizableArray$class.foreach(ResizableArray.scala:59) ~[scala-library-2.11.11.jar:na]
	at scala.collection.mutable.ArrayBuffer.foreach(ArrayBuffer.scala:48) ~[scala-library-2.11.11.jar:na]
	at scala.collection.TraversableLike$class.map(TraversableLike.scala:234) ~[scala-library-2.11.11.jar:na]
	at scala.collection.AbstractTraversable.map(Traversable.scala:104) ~[scala-library-2.11.11.jar:na]
	at org.json4s.Extraction$ClassInstanceBuilder.org$json4s$Extraction$ClassInstanceBuilder$$instantiate(Extraction.scala:517) ~[json4s-core_2.11-3.3.0.jar:3.3.0]
	at org.json4s.Extraction$ClassInstanceBuilder$$anonfun$result$6.apply(Extraction.scala:564) ~[json4s-core_2.11-3.3.0.jar:3.3.0]
	at org.json4s.Extraction$ClassInstanceBuilder$$anonfun$result$6.apply(Extraction.scala:559) ~[json4s-core_2.11-3.3.0.jar:3.3.0]
	at org.json4s.Extraction$.org$json4s$Extraction$$customOrElse(Extraction.scala:573) ~[json4s-core_2.11-3.3.0.jar:3.3.0]
	at org.json4s.Extraction$ClassInstanceBuilder.result(Extraction.scala:559) ~[json4s-core_2.11-3.3.0.jar:3.3.0]
	at org.json4s.Extraction$.extract(Extraction.scala:394) ~[json4s-core_2.11-3.3.0.jar:3.3.0]
	at org.json4s.Extraction$.extract(Extraction.scala:43) ~[json4s-core_2.11-3.3.0.jar:3.3.0]
	at org.json4s.ExtractableJsonAstNode.extract(ExtractableJsonAstNode.scala:21) ~[json4s-core_2.11-3.3.0.jar:3.3.0]
	at edu.omsu.eservice.patent.mvc.AppController$.edu$omsu$eservice$patent$mvc$AppController$$updateAuthorPersonalInfo$1(AppController.scala:381) ~[classes/:na]
	at edu.omsu.eservice.patent.mvc.AppController$$anonfun$main$18.apply(AppController.scala:802) ~[classes/:na]
	at edu.omsu.eservice.patent.mvc.AppController$$anonfun$main$18.apply(AppController.scala:802) ~[classes/:na]
	at edu.omsu.eservice.patent.conf.SparkAPI$$anon$2.handle(SparkAPI.scala:63) ~[classes/:na]
	at spark.RouteImpl$1.handle(RouteImpl.java:61) ~[spark-core-2.5.4.jar:na]
	at spark.http.matching.Routes.execute(Routes.java:61) ~[spark-core-2.5.4.jar:na]
	at spark.http.matching.MatcherFilter.doFilter(MatcherFilter.java:128) ~[spark-core-2.5.4.jar:na]
	at spark.embeddedserver.jetty.JettyHandler.doHandle(JettyHandler.java:50) [spark-core-2.5.4.jar:na]
	at org.eclipse.jetty.server.session.SessionHandler.doScope(SessionHandler.java:189) [jetty-server-9.3.6.v20151106.jar:9.3.6.v20151106]
	at org.eclipse.jetty.server.handler.ScopedHandler.handle(ScopedHandler.java:141) [jetty-server-9.3.6.v20151106.jar:9.3.6.v20151106]
	at org.eclipse.jetty.server.handler.HandlerWrapper.handle(HandlerWrapper.java:119) [jetty-server-9.3.6.v20151106.jar:9.3.6.v20151106]
	at org.eclipse.jetty.server.Server.handle(Server.java:517) [jetty-server-9.3.6.v20151106.jar:9.3.6.v20151106]
	at org.eclipse.jetty.server.HttpChannel.handle(HttpChannel.java:308) [jetty-server-9.3.6.v20151106.jar:9.3.6.v20151106]
	at org.eclipse.jetty.server.HttpConnection.onFillable(HttpConnection.java:242) [jetty-server-9.3.6.v20151106.jar:9.3.6.v20151106]
	at org.eclipse.jetty.io.AbstractConnection$ReadCallback.succeeded(AbstractConnection.java:261) [jetty-io-9.3.6.v20151106.jar:9.3.6.v20151106]
	at org.eclipse.jetty.io.FillInterest.fillable(FillInterest.java:95) [jetty-io-9.3.6.v20151106.jar:9.3.6.v20151106]
	at org.eclipse.jetty.io.SelectChannelEndPoint$2.run(SelectChannelEndPoint.java:75) [jetty-io-9.3.6.v20151106.jar:9.3.6.v20151106]
	at org.eclipse.jetty.util.thread.strategy.ExecuteProduceConsume.produceAndRun(ExecuteProduceConsume.java:213) [jetty-util-9.3.6.v20151106.jar:9.3.6.v20151106]
	at org.eclipse.jetty.util.thread.strategy.ExecuteProduceConsume.run(ExecuteProduceConsume.java:147) [jetty-util-9.3.6.v20151106.jar:9.3.6.v20151106]
	at org.eclipse.jetty.util.thread.QueuedThreadPool.runJob(QueuedThreadPool.java:654) [jetty-util-9.3.6.v20151106.jar:9.3.6.v20151106]
	at org.eclipse.jetty.util.thread.QueuedThreadPool$3.run(QueuedThreadPool.java:572) [jetty-util-9.3.6.v20151106.jar:9.3.6.v20151106]
	at java.lang.Thread.run(Thread.java:750) [na:1.8.0_342]
Caused by: org.json4s.package$MappingException: Did not find value which can be converted into int
	at org.json4s.Extraction$.convert(Extraction.scala:671) ~[json4s-core_2.11-3.3.0.jar:3.3.0]
	at org.json4s.Extraction$.extract(Extraction.scala:388) ~[json4s-core_2.11-3.3.0.jar:3.3.0]
	at org.json4s.Extraction$ClassInstanceBuilder.org$json4s$Extraction$ClassInstanceBuilder$$buildCtorArg(Extraction.scala:497) ~[json4s-core_2.11-3.3.0.jar:3.3.0]
	... 38 common frames omitted
16:09:52.882 [qtp477352253-18] INFO  spark.http.matching.MatcherFilter    The requested route [/patent/backend/updateAuthorPersonalInfo] has not been mapped in Spark for Accept: [application/json, text/plain, */*]
16:11:46.382 [qtp477352253-16] ERROR e.o.e.patent.mvc.AppController$      No usable value for isLeader
Did not find value which can be converted into int
org.json4s.package$MappingException: No usable value for isLeader
Did not find value which can be converted into int
	at org.json4s.reflect.package$.fail(package.scala:93) ~[json4s-core_2.11-3.3.0.jar:3.3.0]
	at org.json4s.Extraction$ClassInstanceBuilder.org$json4s$Extraction$ClassInstanceBuilder$$buildCtorArg(Extraction.scala:509) ~[json4s-core_2.11-3.3.0.jar:3.3.0]
	at org.json4s.Extraction$ClassInstanceBuilder$$anonfun$14.apply(Extraction.scala:529) ~[json4s-core_2.11-3.3.0.jar:3.3.0]
	at org.json4s.Extraction$ClassInstanceBuilder$$anonfun$14.apply(Extraction.scala:529) ~[json4s-core_2.11-3.3.0.jar:3.3.0]
	at scala.collection.TraversableLike$$anonfun$map$1.apply(TraversableLike.scala:234) ~[scala-library-2.11.11.jar:na]
	at scala.collection.TraversableLike$$anonfun$map$1.apply(TraversableLike.scala:234) ~[scala-library-2.11.11.jar:na]
	at scala.collection.mutable.ResizableArray$class.foreach(ResizableArray.scala:59) ~[scala-library-2.11.11.jar:na]
	at scala.collection.mutable.ArrayBuffer.foreach(ArrayBuffer.scala:48) ~[scala-library-2.11.11.jar:na]
	at scala.collection.TraversableLike$class.map(TraversableLike.scala:234) ~[scala-library-2.11.11.jar:na]
	at scala.collection.AbstractTraversable.map(Traversable.scala:104) ~[scala-library-2.11.11.jar:na]
	at org.json4s.Extraction$ClassInstanceBuilder.org$json4s$Extraction$ClassInstanceBuilder$$instantiate(Extraction.scala:517) ~[json4s-core_2.11-3.3.0.jar:3.3.0]
	at org.json4s.Extraction$ClassInstanceBuilder$$anonfun$result$6.apply(Extraction.scala:564) ~[json4s-core_2.11-3.3.0.jar:3.3.0]
	at org.json4s.Extraction$ClassInstanceBuilder$$anonfun$result$6.apply(Extraction.scala:559) ~[json4s-core_2.11-3.3.0.jar:3.3.0]
	at org.json4s.Extraction$.org$json4s$Extraction$$customOrElse(Extraction.scala:573) ~[json4s-core_2.11-3.3.0.jar:3.3.0]
	at org.json4s.Extraction$ClassInstanceBuilder.result(Extraction.scala:559) ~[json4s-core_2.11-3.3.0.jar:3.3.0]
	at org.json4s.Extraction$.extract(Extraction.scala:394) ~[json4s-core_2.11-3.3.0.jar:3.3.0]
	at org.json4s.Extraction$.extract(Extraction.scala:43) ~[json4s-core_2.11-3.3.0.jar:3.3.0]
	at org.json4s.ExtractableJsonAstNode.extract(ExtractableJsonAstNode.scala:21) ~[json4s-core_2.11-3.3.0.jar:3.3.0]
	at edu.omsu.eservice.patent.mvc.AppController$.edu$omsu$eservice$patent$mvc$AppController$$updateAuthorPersonalInfo$1(AppController.scala:381) ~[classes/:na]
	at edu.omsu.eservice.patent.mvc.AppController$$anonfun$main$18.apply(AppController.scala:802) ~[classes/:na]
	at edu.omsu.eservice.patent.mvc.AppController$$anonfun$main$18.apply(AppController.scala:802) ~[classes/:na]
	at edu.omsu.eservice.patent.conf.SparkAPI$$anon$2.handle(SparkAPI.scala:63) ~[classes/:na]
	at spark.RouteImpl$1.handle(RouteImpl.java:61) ~[spark-core-2.5.4.jar:na]
	at spark.http.matching.Routes.execute(Routes.java:61) ~[spark-core-2.5.4.jar:na]
	at spark.http.matching.MatcherFilter.doFilter(MatcherFilter.java:128) ~[spark-core-2.5.4.jar:na]
	at spark.embeddedserver.jetty.JettyHandler.doHandle(JettyHandler.java:50) [spark-core-2.5.4.jar:na]
	at org.eclipse.jetty.server.session.SessionHandler.doScope(SessionHandler.java:189) [jetty-server-9.3.6.v20151106.jar:9.3.6.v20151106]
	at org.eclipse.jetty.server.handler.ScopedHandler.handle(ScopedHandler.java:141) [jetty-server-9.3.6.v20151106.jar:9.3.6.v20151106]
	at org.eclipse.jetty.server.handler.HandlerWrapper.handle(HandlerWrapper.java:119) [jetty-server-9.3.6.v20151106.jar:9.3.6.v20151106]
	at org.eclipse.jetty.server.Server.handle(Server.java:517) [jetty-server-9.3.6.v20151106.jar:9.3.6.v20151106]
	at org.eclipse.jetty.server.HttpChannel.handle(HttpChannel.java:308) [jetty-server-9.3.6.v20151106.jar:9.3.6.v20151106]
	at org.eclipse.jetty.server.HttpConnection.onFillable(HttpConnection.java:242) [jetty-server-9.3.6.v20151106.jar:9.3.6.v20151106]
	at org.eclipse.jetty.io.AbstractConnection$ReadCallback.succeeded(AbstractConnection.java:261) [jetty-io-9.3.6.v20151106.jar:9.3.6.v20151106]
	at org.eclipse.jetty.io.FillInterest.fillable(FillInterest.java:95) [jetty-io-9.3.6.v20151106.jar:9.3.6.v20151106]
	at org.eclipse.jetty.io.SelectChannelEndPoint$2.run(SelectChannelEndPoint.java:75) [jetty-io-9.3.6.v20151106.jar:9.3.6.v20151106]
	at org.eclipse.jetty.util.thread.strategy.ExecuteProduceConsume.produceAndRun(ExecuteProduceConsume.java:213) [jetty-util-9.3.6.v20151106.jar:9.3.6.v20151106]
	at org.eclipse.jetty.util.thread.strategy.ExecuteProduceConsume.run(ExecuteProduceConsume.java:147) [jetty-util-9.3.6.v20151106.jar:9.3.6.v20151106]
	at org.eclipse.jetty.util.thread.QueuedThreadPool.runJob(QueuedThreadPool.java:654) [jetty-util-9.3.6.v20151106.jar:9.3.6.v20151106]
	at org.eclipse.jetty.util.thread.QueuedThreadPool$3.run(QueuedThreadPool.java:572) [jetty-util-9.3.6.v20151106.jar:9.3.6.v20151106]
	at java.lang.Thread.run(Thread.java:750) [na:1.8.0_342]
Caused by: org.json4s.package$MappingException: Did not find value which can be converted into int
	at org.json4s.Extraction$.convert(Extraction.scala:671) ~[json4s-core_2.11-3.3.0.jar:3.3.0]
	at org.json4s.Extraction$.extract(Extraction.scala:388) ~[json4s-core_2.11-3.3.0.jar:3.3.0]
	at org.json4s.Extraction$ClassInstanceBuilder.org$json4s$Extraction$ClassInstanceBuilder$$buildCtorArg(Extraction.scala:497) ~[json4s-core_2.11-3.3.0.jar:3.3.0]
	... 38 common frames omitted
16:11:46.382 [qtp477352253-16] INFO  spark.http.matching.MatcherFilter    The requested route [/patent/backend/updateAuthorPersonalInfo] has not been mapped in Spark for Accept: [application/json, text/plain, */*]
16:17:51.894 [Thread-0] INFO  org.eclipse.jetty.util.log           Logging initialized @1363ms
16:17:51.934 [main] INFO  scalikejdbc.config.DBs$              connectionTimeoutMillis is deprecated. Use poolConnectionTimeoutMillis instead.
16:17:51.937 [Thread-0] INFO  s.e.jetty.EmbeddedJettyServer        == Spark has ignited ...
16:17:51.937 [Thread-0] INFO  s.e.jetty.EmbeddedJettyServer        >> Listening on 0.0.0.0:4567
16:17:51.950 [Thread-0] INFO  org.eclipse.jetty.server.Server      jetty-9.3.6.v20151106
16:17:52.021 [Thread-0] INFO  o.e.jetty.server.ServerConnector     Started ServerConnector@7a11ee12{HTTP/1.1,[http/1.1]}{0.0.0.0:4567}
16:17:52.021 [Thread-0] INFO  org.eclipse.jetty.server.Server      Started @1494ms
16:18:40.749 [Thread-0] INFO  org.eclipse.jetty.util.log           Logging initialized @1124ms
16:18:40.817 [Thread-0] INFO  s.e.jetty.EmbeddedJettyServer        == Spark has ignited ...
16:18:40.817 [Thread-0] INFO  s.e.jetty.EmbeddedJettyServer        >> Listening on 0.0.0.0:4567
16:18:40.837 [Thread-0] INFO  org.eclipse.jetty.server.Server      jetty-9.3.6.v20151106
16:18:40.838 [main] INFO  scalikejdbc.config.DBs$              connectionTimeoutMillis is deprecated. Use poolConnectionTimeoutMillis instead.
16:18:41.037 [Thread-0] INFO  o.e.jetty.server.ServerConnector     Started ServerConnector@5d2cc3a6{HTTP/1.1,[http/1.1]}{0.0.0.0:4567}
16:18:41.037 [Thread-0] INFO  org.eclipse.jetty.server.Server      Started @1418ms
16:45:24.638 [Thread-0] INFO  org.eclipse.jetty.util.log           Logging initialized @910ms
16:45:24.688 [Thread-0] INFO  s.e.jetty.EmbeddedJettyServer        == Spark has ignited ...
16:45:24.688 [Thread-0] INFO  s.e.jetty.EmbeddedJettyServer        >> Listening on 0.0.0.0:4567
16:45:24.690 [Thread-0] INFO  org.eclipse.jetty.server.Server      jetty-9.3.6.v20151106
16:45:24.694 [main] INFO  scalikejdbc.config.DBs$              connectionTimeoutMillis is deprecated. Use poolConnectionTimeoutMillis instead.
16:45:24.745 [Thread-0] ERROR s.e.jetty.EmbeddedJettyServer        ignite failed
java.net.BindException: Адрес уже используется
	at sun.nio.ch.Net.bind0(Native Method) ~[na:1.8.0_342]
	at sun.nio.ch.Net.bind(Net.java:461) ~[na:1.8.0_342]
	at sun.nio.ch.Net.bind(Net.java:453) ~[na:1.8.0_342]
	at sun.nio.ch.ServerSocketChannelImpl.bind(ServerSocketChannelImpl.java:222) ~[na:1.8.0_342]
	at sun.nio.ch.ServerSocketAdaptor.bind(ServerSocketAdaptor.java:85) ~[na:1.8.0_342]
	at org.eclipse.jetty.server.ServerConnector.open(ServerConnector.java:326) ~[jetty-server-9.3.6.v20151106.jar:9.3.6.v20151106]
	at org.eclipse.jetty.server.AbstractNetworkConnector.doStart(AbstractNetworkConnector.java:80) ~[jetty-server-9.3.6.v20151106.jar:9.3.6.v20151106]
	at org.eclipse.jetty.server.ServerConnector.doStart(ServerConnector.java:244) ~[jetty-server-9.3.6.v20151106.jar:9.3.6.v20151106]
	at org.eclipse.jetty.util.component.AbstractLifeCycle.start(AbstractLifeCycle.java:68) ~[jetty-util-9.3.6.v20151106.jar:9.3.6.v20151106]
	at org.eclipse.jetty.server.Server.doStart(Server.java:384) ~[jetty-server-9.3.6.v20151106.jar:9.3.6.v20151106]
	at org.eclipse.jetty.util.component.AbstractLifeCycle.start(AbstractLifeCycle.java:68) ~[jetty-util-9.3.6.v20151106.jar:9.3.6.v20151106]
	at spark.embeddedserver.jetty.EmbeddedJettyServer.ignite(EmbeddedJettyServer.java:129) ~[spark-core-2.5.4.jar:na]
	at spark.Service.lambda$init$1(Service.java:452) [spark-core-2.5.4.jar:na]
	at java.lang.Thread.run(Thread.java:750) ~[na:1.8.0_342]
16:45:36.937 [Thread-0] INFO  org.eclipse.jetty.util.log           Logging initialized @629ms
16:45:36.963 [main] INFO  scalikejdbc.config.DBs$              connectionTimeoutMillis is deprecated. Use poolConnectionTimeoutMillis instead.
16:45:36.973 [Thread-0] INFO  s.e.jetty.EmbeddedJettyServer        == Spark has ignited ...
16:45:36.973 [Thread-0] INFO  s.e.jetty.EmbeddedJettyServer        >> Listening on 0.0.0.0:4567
16:45:36.976 [Thread-0] INFO  org.eclipse.jetty.server.Server      jetty-9.3.6.v20151106
16:45:37.037 [Thread-0] ERROR s.e.jetty.EmbeddedJettyServer        ignite failed
java.net.BindException: Адрес уже используется
	at sun.nio.ch.Net.bind0(Native Method) ~[na:1.8.0_342]
	at sun.nio.ch.Net.bind(Net.java:461) ~[na:1.8.0_342]
	at sun.nio.ch.Net.bind(Net.java:453) ~[na:1.8.0_342]
	at sun.nio.ch.ServerSocketChannelImpl.bind(ServerSocketChannelImpl.java:222) ~[na:1.8.0_342]
	at sun.nio.ch.ServerSocketAdaptor.bind(ServerSocketAdaptor.java:85) ~[na:1.8.0_342]
	at org.eclipse.jetty.server.ServerConnector.open(ServerConnector.java:326) ~[jetty-server-9.3.6.v20151106.jar:9.3.6.v20151106]
	at org.eclipse.jetty.server.AbstractNetworkConnector.doStart(AbstractNetworkConnector.java:80) ~[jetty-server-9.3.6.v20151106.jar:9.3.6.v20151106]
	at org.eclipse.jetty.server.ServerConnector.doStart(ServerConnector.java:244) ~[jetty-server-9.3.6.v20151106.jar:9.3.6.v20151106]
	at org.eclipse.jetty.util.component.AbstractLifeCycle.start(AbstractLifeCycle.java:68) ~[jetty-util-9.3.6.v20151106.jar:9.3.6.v20151106]
	at org.eclipse.jetty.server.Server.doStart(Server.java:384) ~[jetty-server-9.3.6.v20151106.jar:9.3.6.v20151106]
	at org.eclipse.jetty.util.component.AbstractLifeCycle.start(AbstractLifeCycle.java:68) ~[jetty-util-9.3.6.v20151106.jar:9.3.6.v20151106]
	at spark.embeddedserver.jetty.EmbeddedJettyServer.ignite(EmbeddedJettyServer.java:129) ~[spark-core-2.5.4.jar:na]
	at spark.Service.lambda$init$1(Service.java:452) [spark-core-2.5.4.jar:na]
	at java.lang.Thread.run(Thread.java:750) ~[na:1.8.0_342]
16:46:20.524 [Thread-0] INFO  org.eclipse.jetty.util.log           Logging initialized @689ms
16:46:20.568 [main] INFO  scalikejdbc.config.DBs$              connectionTimeoutMillis is deprecated. Use poolConnectionTimeoutMillis instead.
16:46:20.581 [Thread-0] INFO  s.e.jetty.EmbeddedJettyServer        == Spark has ignited ...
16:46:20.581 [Thread-0] INFO  s.e.jetty.EmbeddedJettyServer        >> Listening on 0.0.0.0:4567
16:46:20.594 [Thread-0] INFO  org.eclipse.jetty.server.Server      jetty-9.3.6.v20151106
16:46:20.703 [Thread-0] INFO  o.e.jetty.server.ServerConnector     Started ServerConnector@a22f8ea{HTTP/1.1,[http/1.1]}{0.0.0.0:4567}
16:46:20.703 [Thread-0] INFO  org.eclipse.jetty.server.Server      Started @871ms
16:46:37.130 [qtp2109245638-20] ERROR e.o.e.patent.mvc.AppController$      No usable value for surname
Did not find value which can be converted into java.lang.String
org.json4s.package$MappingException: No usable value for surname
Did not find value which can be converted into java.lang.String
	at org.json4s.reflect.package$.fail(package.scala:93) ~[json4s-core_2.11-3.3.0.jar:3.3.0]
	at org.json4s.Extraction$ClassInstanceBuilder.org$json4s$Extraction$ClassInstanceBuilder$$buildCtorArg(Extraction.scala:509) ~[json4s-core_2.11-3.3.0.jar:3.3.0]
	at org.json4s.Extraction$ClassInstanceBuilder$$anonfun$14.apply(Extraction.scala:529) ~[json4s-core_2.11-3.3.0.jar:3.3.0]
	at org.json4s.Extraction$ClassInstanceBuilder$$anonfun$14.apply(Extraction.scala:529) ~[json4s-core_2.11-3.3.0.jar:3.3.0]
	at scala.collection.TraversableLike$$anonfun$map$1.apply(TraversableLike.scala:234) ~[scala-library-2.11.11.jar:na]
	at scala.collection.TraversableLike$$anonfun$map$1.apply(TraversableLike.scala:234) ~[scala-library-2.11.11.jar:na]
	at scala.collection.mutable.ResizableArray$class.foreach(ResizableArray.scala:59) ~[scala-library-2.11.11.jar:na]
	at scala.collection.mutable.ArrayBuffer.foreach(ArrayBuffer.scala:48) ~[scala-library-2.11.11.jar:na]
	at scala.collection.TraversableLike$class.map(TraversableLike.scala:234) ~[scala-library-2.11.11.jar:na]
	at scala.collection.AbstractTraversable.map(Traversable.scala:104) ~[scala-library-2.11.11.jar:na]
	at org.json4s.Extraction$ClassInstanceBuilder.org$json4s$Extraction$ClassInstanceBuilder$$instantiate(Extraction.scala:517) ~[json4s-core_2.11-3.3.0.jar:3.3.0]
	at org.json4s.Extraction$ClassInstanceBuilder$$anonfun$result$6.apply(Extraction.scala:564) ~[json4s-core_2.11-3.3.0.jar:3.3.0]
	at org.json4s.Extraction$ClassInstanceBuilder$$anonfun$result$6.apply(Extraction.scala:559) ~[json4s-core_2.11-3.3.0.jar:3.3.0]
	at org.json4s.Extraction$.org$json4s$Extraction$$customOrElse(Extraction.scala:573) ~[json4s-core_2.11-3.3.0.jar:3.3.0]
	at org.json4s.Extraction$ClassInstanceBuilder.result(Extraction.scala:559) ~[json4s-core_2.11-3.3.0.jar:3.3.0]
	at org.json4s.Extraction$.extract(Extraction.scala:394) ~[json4s-core_2.11-3.3.0.jar:3.3.0]
	at org.json4s.Extraction$.extract(Extraction.scala:43) ~[json4s-core_2.11-3.3.0.jar:3.3.0]
	at org.json4s.ExtractableJsonAstNode.extract(ExtractableJsonAstNode.scala:21) ~[json4s-core_2.11-3.3.0.jar:3.3.0]
	at edu.omsu.eservice.patent.mvc.AppController$.edu$omsu$eservice$patent$mvc$AppController$$updateAuthorPersonalInfo$1(AppController.scala:381) ~[classes/:na]
	at edu.omsu.eservice.patent.mvc.AppController$$anonfun$main$18.apply(AppController.scala:802) ~[classes/:na]
	at edu.omsu.eservice.patent.mvc.AppController$$anonfun$main$18.apply(AppController.scala:802) ~[classes/:na]
	at edu.omsu.eservice.patent.conf.SparkAPI$$anon$2.handle(SparkAPI.scala:63) ~[classes/:na]
	at spark.RouteImpl$1.handle(RouteImpl.java:61) ~[spark-core-2.5.4.jar:na]
	at spark.http.matching.Routes.execute(Routes.java:61) ~[spark-core-2.5.4.jar:na]
	at spark.http.matching.MatcherFilter.doFilter(MatcherFilter.java:128) ~[spark-core-2.5.4.jar:na]
	at spark.embeddedserver.jetty.JettyHandler.doHandle(JettyHandler.java:50) [spark-core-2.5.4.jar:na]
	at org.eclipse.jetty.server.session.SessionHandler.doScope(SessionHandler.java:189) [jetty-server-9.3.6.v20151106.jar:9.3.6.v20151106]
	at org.eclipse.jetty.server.handler.ScopedHandler.handle(ScopedHandler.java:141) [jetty-server-9.3.6.v20151106.jar:9.3.6.v20151106]
	at org.eclipse.jetty.server.handler.HandlerWrapper.handle(HandlerWrapper.java:119) [jetty-server-9.3.6.v20151106.jar:9.3.6.v20151106]
	at org.eclipse.jetty.server.Server.handle(Server.java:517) [jetty-server-9.3.6.v20151106.jar:9.3.6.v20151106]
	at org.eclipse.jetty.server.HttpChannel.handle(HttpChannel.java:308) [jetty-server-9.3.6.v20151106.jar:9.3.6.v20151106]
	at org.eclipse.jetty.server.HttpConnection.onFillable(HttpConnection.java:242) [jetty-server-9.3.6.v20151106.jar:9.3.6.v20151106]
	at org.eclipse.jetty.io.AbstractConnection$ReadCallback.succeeded(AbstractConnection.java:261) [jetty-io-9.3.6.v20151106.jar:9.3.6.v20151106]
	at org.eclipse.jetty.io.FillInterest.fillable(FillInterest.java:95) [jetty-io-9.3.6.v20151106.jar:9.3.6.v20151106]
	at org.eclipse.jetty.io.SelectChannelEndPoint$2.run(SelectChannelEndPoint.java:75) [jetty-io-9.3.6.v20151106.jar:9.3.6.v20151106]
	at org.eclipse.jetty.util.thread.strategy.ExecuteProduceConsume.produceAndRun(ExecuteProduceConsume.java:213) [jetty-util-9.3.6.v20151106.jar:9.3.6.v20151106]
	at org.eclipse.jetty.util.thread.strategy.ExecuteProduceConsume.run(ExecuteProduceConsume.java:147) [jetty-util-9.3.6.v20151106.jar:9.3.6.v20151106]
	at org.eclipse.jetty.util.thread.QueuedThreadPool.runJob(QueuedThreadPool.java:654) [jetty-util-9.3.6.v20151106.jar:9.3.6.v20151106]
	at org.eclipse.jetty.util.thread.QueuedThreadPool$3.run(QueuedThreadPool.java:572) [jetty-util-9.3.6.v20151106.jar:9.3.6.v20151106]
	at java.lang.Thread.run(Thread.java:750) [na:1.8.0_342]
Caused by: org.json4s.package$MappingException: Did not find value which can be converted into java.lang.String
	at org.json4s.Extraction$.convert(Extraction.scala:671) ~[json4s-core_2.11-3.3.0.jar:3.3.0]
	at org.json4s.Extraction$.extract(Extraction.scala:388) ~[json4s-core_2.11-3.3.0.jar:3.3.0]
	at org.json4s.Extraction$ClassInstanceBuilder.org$json4s$Extraction$ClassInstanceBuilder$$buildCtorArg(Extraction.scala:497) ~[json4s-core_2.11-3.3.0.jar:3.3.0]
	... 38 common frames omitted
16:46:37.131 [qtp2109245638-20] INFO  spark.http.matching.MatcherFilter    The requested route [/patent/backend/updateAuthorPersonalInfo] has not been mapped in Spark for Accept: [application/json, text/plain, */*]
17:13:52.966 [qtp2109245638-14] ERROR e.o.e.patent.mvc.AppController$      No usable value for isCreator
Do not know how to convert JString() into int
org.json4s.package$MappingException: No usable value for isCreator
Do not know how to convert JString() into int
	at org.json4s.reflect.package$.fail(package.scala:93) ~[json4s-core_2.11-3.3.0.jar:3.3.0]
	at org.json4s.Extraction$ClassInstanceBuilder.org$json4s$Extraction$ClassInstanceBuilder$$buildCtorArg(Extraction.scala:509) ~[json4s-core_2.11-3.3.0.jar:3.3.0]
	at org.json4s.Extraction$ClassInstanceBuilder$$anonfun$14.apply(Extraction.scala:529) ~[json4s-core_2.11-3.3.0.jar:3.3.0]
	at org.json4s.Extraction$ClassInstanceBuilder$$anonfun$14.apply(Extraction.scala:529) ~[json4s-core_2.11-3.3.0.jar:3.3.0]
	at scala.collection.TraversableLike$$anonfun$map$1.apply(TraversableLike.scala:234) ~[scala-library-2.11.11.jar:na]
	at scala.collection.TraversableLike$$anonfun$map$1.apply(TraversableLike.scala:234) ~[scala-library-2.11.11.jar:na]
	at scala.collection.mutable.ResizableArray$class.foreach(ResizableArray.scala:59) ~[scala-library-2.11.11.jar:na]
	at scala.collection.mutable.ArrayBuffer.foreach(ArrayBuffer.scala:48) ~[scala-library-2.11.11.jar:na]
	at scala.collection.TraversableLike$class.map(TraversableLike.scala:234) ~[scala-library-2.11.11.jar:na]
	at scala.collection.AbstractTraversable.map(Traversable.scala:104) ~[scala-library-2.11.11.jar:na]
	at org.json4s.Extraction$ClassInstanceBuilder.org$json4s$Extraction$ClassInstanceBuilder$$instantiate(Extraction.scala:517) ~[json4s-core_2.11-3.3.0.jar:3.3.0]
	at org.json4s.Extraction$ClassInstanceBuilder$$anonfun$result$6.apply(Extraction.scala:564) ~[json4s-core_2.11-3.3.0.jar:3.3.0]
	at org.json4s.Extraction$ClassInstanceBuilder$$anonfun$result$6.apply(Extraction.scala:559) ~[json4s-core_2.11-3.3.0.jar:3.3.0]
	at org.json4s.Extraction$.org$json4s$Extraction$$customOrElse(Extraction.scala:573) ~[json4s-core_2.11-3.3.0.jar:3.3.0]
	at org.json4s.Extraction$ClassInstanceBuilder.result(Extraction.scala:559) ~[json4s-core_2.11-3.3.0.jar:3.3.0]
	at org.json4s.Extraction$.extract(Extraction.scala:394) ~[json4s-core_2.11-3.3.0.jar:3.3.0]
	at org.json4s.Extraction$.extract(Extraction.scala:43) ~[json4s-core_2.11-3.3.0.jar:3.3.0]
	at org.json4s.ExtractableJsonAstNode.extract(ExtractableJsonAstNode.scala:21) ~[json4s-core_2.11-3.3.0.jar:3.3.0]
	at edu.omsu.eservice.patent.mvc.AppController$.edu$omsu$eservice$patent$mvc$AppController$$updateAuthorPassport$1(AppController.scala:422) ~[classes/:na]
	at edu.omsu.eservice.patent.mvc.AppController$$anonfun$main$19.apply(AppController.scala:803) ~[classes/:na]
	at edu.omsu.eservice.patent.mvc.AppController$$anonfun$main$19.apply(AppController.scala:803) ~[classes/:na]
	at edu.omsu.eservice.patent.conf.SparkAPI$$anon$2.handle(SparkAPI.scala:63) ~[classes/:na]
	at spark.RouteImpl$1.handle(RouteImpl.java:61) ~[spark-core-2.5.4.jar:na]
	at spark.http.matching.Routes.execute(Routes.java:61) ~[spark-core-2.5.4.jar:na]
	at spark.http.matching.MatcherFilter.doFilter(MatcherFilter.java:128) ~[spark-core-2.5.4.jar:na]
	at spark.embeddedserver.jetty.JettyHandler.doHandle(JettyHandler.java:50) [spark-core-2.5.4.jar:na]
	at org.eclipse.jetty.server.session.SessionHandler.doScope(SessionHandler.java:189) [jetty-server-9.3.6.v20151106.jar:9.3.6.v20151106]
	at org.eclipse.jetty.server.handler.ScopedHandler.handle(ScopedHandler.java:141) [jetty-server-9.3.6.v20151106.jar:9.3.6.v20151106]
	at org.eclipse.jetty.server.handler.HandlerWrapper.handle(HandlerWrapper.java:119) [jetty-server-9.3.6.v20151106.jar:9.3.6.v20151106]
	at org.eclipse.jetty.server.Server.handle(Server.java:517) [jetty-server-9.3.6.v20151106.jar:9.3.6.v20151106]
	at org.eclipse.jetty.server.HttpChannel.handle(HttpChannel.java:308) [jetty-server-9.3.6.v20151106.jar:9.3.6.v20151106]
	at org.eclipse.jetty.server.HttpConnection.onFillable(HttpConnection.java:242) [jetty-server-9.3.6.v20151106.jar:9.3.6.v20151106]
	at org.eclipse.jetty.io.AbstractConnection$ReadCallback.succeeded(AbstractConnection.java:261) [jetty-io-9.3.6.v20151106.jar:9.3.6.v20151106]
	at org.eclipse.jetty.io.FillInterest.fillable(FillInterest.java:95) [jetty-io-9.3.6.v20151106.jar:9.3.6.v20151106]
	at org.eclipse.jetty.io.SelectChannelEndPoint$2.run(SelectChannelEndPoint.java:75) [jetty-io-9.3.6.v20151106.jar:9.3.6.v20151106]
	at org.eclipse.jetty.util.thread.strategy.ExecuteProduceConsume.produceAndRun(ExecuteProduceConsume.java:213) [jetty-util-9.3.6.v20151106.jar:9.3.6.v20151106]
	at org.eclipse.jetty.util.thread.strategy.ExecuteProduceConsume.run(ExecuteProduceConsume.java:147) [jetty-util-9.3.6.v20151106.jar:9.3.6.v20151106]
	at org.eclipse.jetty.util.thread.QueuedThreadPool.runJob(QueuedThreadPool.java:654) [jetty-util-9.3.6.v20151106.jar:9.3.6.v20151106]
	at org.eclipse.jetty.util.thread.QueuedThreadPool$3.run(QueuedThreadPool.java:572) [jetty-util-9.3.6.v20151106.jar:9.3.6.v20151106]
	at java.lang.Thread.run(Thread.java:750) [na:1.8.0_342]
Caused by: org.json4s.package$MappingException: Do not know how to convert JString() into int
	at org.json4s.Extraction$.convert(Extraction.scala:676) ~[json4s-core_2.11-3.3.0.jar:3.3.0]
	at org.json4s.Extraction$.extract(Extraction.scala:388) ~[json4s-core_2.11-3.3.0.jar:3.3.0]
	at org.json4s.Extraction$ClassInstanceBuilder.org$json4s$Extraction$ClassInstanceBuilder$$buildCtorArg(Extraction.scala:497) ~[json4s-core_2.11-3.3.0.jar:3.3.0]
	... 38 common frames omitted
17:13:52.968 [qtp2109245638-14] INFO  spark.http.matching.MatcherFilter    The requested route [/patent/backend/updateAuthorPassport] has not been mapped in Spark for Accept: [application/json, text/plain, */*]
17:13:58.219 [qtp2109245638-12] ERROR e.o.e.patent.mvc.AppController$      No usable value for isCreator
Do not know how to convert JString() into int
org.json4s.package$MappingException: No usable value for isCreator
Do not know how to convert JString() into int
	at org.json4s.reflect.package$.fail(package.scala:93) ~[json4s-core_2.11-3.3.0.jar:3.3.0]
	at org.json4s.Extraction$ClassInstanceBuilder.org$json4s$Extraction$ClassInstanceBuilder$$buildCtorArg(Extraction.scala:509) ~[json4s-core_2.11-3.3.0.jar:3.3.0]
	at org.json4s.Extraction$ClassInstanceBuilder$$anonfun$14.apply(Extraction.scala:529) ~[json4s-core_2.11-3.3.0.jar:3.3.0]
	at org.json4s.Extraction$ClassInstanceBuilder$$anonfun$14.apply(Extraction.scala:529) ~[json4s-core_2.11-3.3.0.jar:3.3.0]
	at scala.collection.TraversableLike$$anonfun$map$1.apply(TraversableLike.scala:234) ~[scala-library-2.11.11.jar:na]
	at scala.collection.TraversableLike$$anonfun$map$1.apply(TraversableLike.scala:234) ~[scala-library-2.11.11.jar:na]
	at scala.collection.mutable.ResizableArray$class.foreach(ResizableArray.scala:59) ~[scala-library-2.11.11.jar:na]
	at scala.collection.mutable.ArrayBuffer.foreach(ArrayBuffer.scala:48) ~[scala-library-2.11.11.jar:na]
	at scala.collection.TraversableLike$class.map(TraversableLike.scala:234) ~[scala-library-2.11.11.jar:na]
	at scala.collection.AbstractTraversable.map(Traversable.scala:104) ~[scala-library-2.11.11.jar:na]
	at org.json4s.Extraction$ClassInstanceBuilder.org$json4s$Extraction$ClassInstanceBuilder$$instantiate(Extraction.scala:517) ~[json4s-core_2.11-3.3.0.jar:3.3.0]
	at org.json4s.Extraction$ClassInstanceBuilder$$anonfun$result$6.apply(Extraction.scala:564) ~[json4s-core_2.11-3.3.0.jar:3.3.0]
	at org.json4s.Extraction$ClassInstanceBuilder$$anonfun$result$6.apply(Extraction.scala:559) ~[json4s-core_2.11-3.3.0.jar:3.3.0]
	at org.json4s.Extraction$.org$json4s$Extraction$$customOrElse(Extraction.scala:573) ~[json4s-core_2.11-3.3.0.jar:3.3.0]
	at org.json4s.Extraction$ClassInstanceBuilder.result(Extraction.scala:559) ~[json4s-core_2.11-3.3.0.jar:3.3.0]
	at org.json4s.Extraction$.extract(Extraction.scala:394) ~[json4s-core_2.11-3.3.0.jar:3.3.0]
	at org.json4s.Extraction$.extract(Extraction.scala:43) ~[json4s-core_2.11-3.3.0.jar:3.3.0]
	at org.json4s.ExtractableJsonAstNode.extract(ExtractableJsonAstNode.scala:21) ~[json4s-core_2.11-3.3.0.jar:3.3.0]
	at edu.omsu.eservice.patent.mvc.AppController$.edu$omsu$eservice$patent$mvc$AppController$$updateAuthorPassport$1(AppController.scala:422) ~[classes/:na]
	at edu.omsu.eservice.patent.mvc.AppController$$anonfun$main$19.apply(AppController.scala:803) ~[classes/:na]
	at edu.omsu.eservice.patent.mvc.AppController$$anonfun$main$19.apply(AppController.scala:803) ~[classes/:na]
	at edu.omsu.eservice.patent.conf.SparkAPI$$anon$2.handle(SparkAPI.scala:63) ~[classes/:na]
	at spark.RouteImpl$1.handle(RouteImpl.java:61) ~[spark-core-2.5.4.jar:na]
	at spark.http.matching.Routes.execute(Routes.java:61) ~[spark-core-2.5.4.jar:na]
	at spark.http.matching.MatcherFilter.doFilter(MatcherFilter.java:128) ~[spark-core-2.5.4.jar:na]
	at spark.embeddedserver.jetty.JettyHandler.doHandle(JettyHandler.java:50) [spark-core-2.5.4.jar:na]
	at org.eclipse.jetty.server.session.SessionHandler.doScope(SessionHandler.java:189) [jetty-server-9.3.6.v20151106.jar:9.3.6.v20151106]
	at org.eclipse.jetty.server.handler.ScopedHandler.handle(ScopedHandler.java:141) [jetty-server-9.3.6.v20151106.jar:9.3.6.v20151106]
	at org.eclipse.jetty.server.handler.HandlerWrapper.handle(HandlerWrapper.java:119) [jetty-server-9.3.6.v20151106.jar:9.3.6.v20151106]
	at org.eclipse.jetty.server.Server.handle(Server.java:517) [jetty-server-9.3.6.v20151106.jar:9.3.6.v20151106]
	at org.eclipse.jetty.server.HttpChannel.handle(HttpChannel.java:308) [jetty-server-9.3.6.v20151106.jar:9.3.6.v20151106]
	at org.eclipse.jetty.server.HttpConnection.onFillable(HttpConnection.java:242) [jetty-server-9.3.6.v20151106.jar:9.3.6.v20151106]
	at org.eclipse.jetty.io.AbstractConnection$ReadCallback.succeeded(AbstractConnection.java:261) [jetty-io-9.3.6.v20151106.jar:9.3.6.v20151106]
	at org.eclipse.jetty.io.FillInterest.fillable(FillInterest.java:95) [jetty-io-9.3.6.v20151106.jar:9.3.6.v20151106]
	at org.eclipse.jetty.io.SelectChannelEndPoint$2.run(SelectChannelEndPoint.java:75) [jetty-io-9.3.6.v20151106.jar:9.3.6.v20151106]
	at org.eclipse.jetty.util.thread.strategy.ExecuteProduceConsume.produceAndRun(ExecuteProduceConsume.java:213) [jetty-util-9.3.6.v20151106.jar:9.3.6.v20151106]
	at org.eclipse.jetty.util.thread.strategy.ExecuteProduceConsume.run(ExecuteProduceConsume.java:147) [jetty-util-9.3.6.v20151106.jar:9.3.6.v20151106]
	at org.eclipse.jetty.util.thread.QueuedThreadPool.runJob(QueuedThreadPool.java:654) [jetty-util-9.3.6.v20151106.jar:9.3.6.v20151106]
	at org.eclipse.jetty.util.thread.QueuedThreadPool$3.run(QueuedThreadPool.java:572) [jetty-util-9.3.6.v20151106.jar:9.3.6.v20151106]
	at java.lang.Thread.run(Thread.java:750) [na:1.8.0_342]
Caused by: org.json4s.package$MappingException: Do not know how to convert JString() into int
	at org.json4s.Extraction$.convert(Extraction.scala:676) ~[json4s-core_2.11-3.3.0.jar:3.3.0]
	at org.json4s.Extraction$.extract(Extraction.scala:388) ~[json4s-core_2.11-3.3.0.jar:3.3.0]
	at org.json4s.Extraction$ClassInstanceBuilder.org$json4s$Extraction$ClassInstanceBuilder$$buildCtorArg(Extraction.scala:497) ~[json4s-core_2.11-3.3.0.jar:3.3.0]
	... 38 common frames omitted
17:13:58.222 [qtp2109245638-12] INFO  spark.http.matching.MatcherFilter    The requested route [/patent/backend/updateAuthorPassport] has not been mapped in Spark for Accept: [application/json, text/plain, */*]
